[plan] 2026-05-20T21:24:35+02:00 start — NOT diffusion FID; theory probe only
[plan] 2026-05-20T21:24:35+02:00 BEGIN gmm

=== t=0.4 ===
  rho=0.5, beta=12.813, beta*lambda_class=0.25
  rho=1, beta=25.626, beta*lambda_class=0.5
  rho=2, beta=51.252, beta*lambda_class=1

=== t=0.7 ===
  rho=0.5, beta=13.5206, beta*lambda_class=0.25
  rho=1, beta=27.0411, beta*lambda_class=0.5
  rho=2, beta=54.0822, beta*lambda_class=1

=== t=1 ===
  rho=0.5, beta=15.3219, beta*lambda_class=0.25
  rho=1, beta=30.6437, beta*lambda_class=0.5
  rho=2, beta=61.2875, beta*lambda_class=1

=== t=1.3 ===
  rho=0.5, beta=18.1874, beta*lambda_class=0.25
  rho=1, beta=36.3748, beta*lambda_class=0.5
  rho=2, beta=72.7496, beta*lambda_class=1

=== t=1.6 ===
  rho=0.5, beta=23.7632, beta*lambda_class=0.25
  rho=1, beta=47.5263, beta*lambda_class=0.5
  rho=2, beta=95.0526, beta*lambda_class=1

=== t=1.9 ===
  rho=0.5, beta=33.8, beta*lambda_class=0.25
  rho=1, beta=67.6001, beta*lambda_class=0.5
  rho=2, beta=135.2, beta*lambda_class=1

=== t=2.2 ===
  rho=0.5, beta=54.2844, beta*lambda_class=0.25
  rho=1, beta=108.569, beta*lambda_class=0.5
  rho=2, beta=217.137, beta*lambda_class=1

=== t=2.5 ===
  rho=0.5, beta=92.0308, beta*lambda_class=0.25
  rho=1, beta=184.062, beta*lambda_class=0.5
  rho=2, beta=368.123, beta*lambda_class=1

=== t=2.8 ===
  rho=0.5, beta=167.648, beta*lambda_class=0.25
  rho=1, beta=335.297, beta*lambda_class=0.5
  rho=2, beta=670.593, beta*lambda_class=1

=== t=3.1 ===
  rho=0.5, beta=301.737, beta*lambda_class=0.25
  rho=1, beta=603.474, beta*lambda_class=0.5
  rho=2, beta=1206.95, beta*lambda_class=1

Done. Summary: outputs/v9_symmetry_plan/gmm/README_SUMMARY.md
[plan] 2026-05-20T21:26:29+02:00 OK gmm
[plan] 2026-05-20T21:26:29+02:00 BEGIN mnist_pca64

=== t=0.5 ===
  rho=0.5, beta=12.5944, beta*lambda_class=0.25
  rho=1, beta=25.1888, beta*lambda_class=0.5
  rho=2, beta=50.3776, beta*lambda_class=1

=== t=0.8 ===
  rho=0.5, beta=14.2721, beta*lambda_class=0.25
  rho=1, beta=28.5442, beta*lambda_class=0.5
  rho=2, beta=57.0884, beta*lambda_class=1

=== t=1.1 ===
  rho=0.5, beta=19.6953, beta*lambda_class=0.25
  rho=1, beta=39.3906, beta*lambda_class=0.5
  rho=2, beta=78.7813, beta*lambda_class=1

=== t=1.4 ===
  rho=0.5, beta=30.8312, beta*lambda_class=0.25
  rho=1, beta=61.6623, beta*lambda_class=0.5
  rho=2, beta=123.325, beta*lambda_class=1

=== t=1.7 ===
  rho=0.5, beta=53.8036, beta*lambda_class=0.25
  rho=1, beta=107.607, beta*lambda_class=0.5
  rho=2, beta=215.214, beta*lambda_class=1

=== t=2 ===
  rho=0.5, beta=96.9587, beta*lambda_class=0.25
  rho=1, beta=193.917, beta*lambda_class=0.5
  rho=2, beta=387.835, beta*lambda_class=1

=== t=2.3 ===
  rho=0.5, beta=175.045, beta*lambda_class=0.25
  rho=1, beta=350.089, beta*lambda_class=0.5
  rho=2, beta=700.178, beta*lambda_class=1

=== t=2.6 ===
  rho=0.5, beta=338.456, beta*lambda_class=0.25
  rho=1, beta=676.912, beta*lambda_class=0.5
  rho=2, beta=1353.82, beta*lambda_class=1

=== t=3 ===
  rho=0.5, beta=769.611, beta*lambda_class=0.25
  rho=1, beta=1539.22, beta*lambda_class=0.5
  rho=2, beta=3078.45, beta*lambda_class=1

Done. Summary: outputs/v9_symmetry_plan/mnist_pca64/README_SUMMARY.md
[plan] 2026-05-20T21:28:38+02:00 OK mnist_pca64
[plan] 2026-05-20T21:28:38+02:00 BEGIN mnist_pca128

=== t=0.5 ===
  rho=0.5, beta=25.8776, beta*lambda_class=0.25
  rho=1, beta=51.7552, beta*lambda_class=0.5
  rho=2, beta=103.51, beta*lambda_class=1

=== t=0.8 ===
  rho=0.5, beta=26.1638, beta*lambda_class=0.25
  rho=1, beta=52.3276, beta*lambda_class=0.5
  rho=2, beta=104.655, beta*lambda_class=1

=== t=1.1 ===
  rho=0.5, beta=29.427, beta*lambda_class=0.25
  rho=1, beta=58.8541, beta*lambda_class=0.5
  rho=2, beta=117.708, beta*lambda_class=1

=== t=1.4 ===
  rho=0.5, beta=39.109, beta*lambda_class=0.25
  rho=1, beta=78.218, beta*lambda_class=0.5
  rho=2, beta=156.436, beta*lambda_class=1

=== t=1.7 ===
  rho=0.5, beta=61.3986, beta*lambda_class=0.25
  rho=1, beta=122.797, beta*lambda_class=0.5
  rho=2, beta=245.595, beta*lambda_class=1

=== t=2 ===
  rho=0.5, beta=106.729, beta*lambda_class=0.25
  rho=1, beta=213.459, beta*lambda_class=0.5
  rho=2, beta=426.918, beta*lambda_class=1

=== t=2.3 ===
  rho=0.5, beta=184.558, beta*lambda_class=0.25
  rho=1, beta=369.117, beta*lambda_class=0.5
  rho=2, beta=738.233, beta*lambda_class=1

=== t=2.6 ===
  rho=0.5, beta=341.747, beta*lambda_class=0.25
  rho=1, beta=683.494, beta*lambda_class=0.5
  rho=2, beta=1366.99, beta*lambda_class=1

=== t=3 ===
  rho=0.5, beta=765.08, beta*lambda_class=0.25
  rho=1, beta=1530.16, beta*lambda_class=0.5
  rho=2, beta=3060.32, beta*lambda_class=1

Done. Summary: outputs/v9_symmetry_plan/mnist_pca128/README_SUMMARY.md
[plan] 2026-05-20T21:30:46+02:00 OK mnist_pca128
[plan] 2026-05-20T21:30:46+02:00 BEGIN cifar_auto_horse
Files already downloaded and verified
Files already downloaded and verified

=== t=0.5 ===
  rho=0.5, beta=29.0644, beta*lambda_class=0.25
  rho=1, beta=58.1288, beta*lambda_class=0.5
  rho=2, beta=116.258, beta*lambda_class=1

=== t=0.8 ===
  rho=0.5, beta=36.2628, beta*lambda_class=0.25
  rho=1, beta=72.5255, beta*lambda_class=0.5
  rho=2, beta=145.051, beta*lambda_class=1

=== t=1.1 ===
  rho=0.5, beta=46.0048, beta*lambda_class=0.25
  rho=1, beta=92.0097, beta*lambda_class=0.5
  rho=2, beta=184.019, beta*lambda_class=1

=== t=1.4 ===
  rho=0.5, beta=66.2336, beta*lambda_class=0.25
  rho=1, beta=132.467, beta*lambda_class=0.5
  rho=2, beta=264.934, beta*lambda_class=1

=== t=1.7 ===
  rho=0.5, beta=102.878, beta*lambda_class=0.25
  rho=1, beta=205.757, beta*lambda_class=0.5
  rho=2, beta=411.514, beta*lambda_class=1

=== t=2 ===
  rho=0.5, beta=169.724, beta*lambda_class=0.25
  rho=1, beta=339.449, beta*lambda_class=0.5
  rho=2, beta=678.897, beta*lambda_class=1

=== t=2.3 ===
  rho=0.5, beta=286.777, beta*lambda_class=0.25
  rho=1, beta=573.554, beta*lambda_class=0.5
  rho=2, beta=1147.11, beta*lambda_class=1

=== t=2.6 ===
  rho=0.5, beta=487.523, beta*lambda_class=0.25
  rho=1, beta=975.046, beta*lambda_class=0.5
  rho=2, beta=1950.09, beta*lambda_class=1

=== t=3 ===
  rho=0.5, beta=1065.39, beta*lambda_class=0.25
  rho=1, beta=2130.77, beta*lambda_class=0.5
  rho=2, beta=4261.54, beta*lambda_class=1

Done. Summary: outputs/v9_symmetry_plan/cifar_auto_horse/README_SUMMARY.md
[plan] 2026-05-20T21:33:02+02:00 OK cifar_auto_horse
Wrote outputs/v9_symmetry_plan/REPORT.md
[plan] 2026-05-20T21:33:02+02:00 finished
