=== K=6, variant=resilient_mcl, batch=512 ===
Node: juliet4   GPU: NVIDIA A100-SXM4-80GB
[resilient_mcl_K6] Device: cuda
[resilient_mcl_K6] GPU: NVIDIA A100-SXM4-80GB

[resilient_mcl_K6] Reusing baseline from checkpoints/baseline_final.pt

============================================================
  [resilient_mcl_K6] 2/7  MCL training K=6 (200 epochs, resilient_mcl)
============================================================
  total params: 5,406,726  (901,121 per expert)
  [resilient_mcl_K6] epoch   5/200  loss=0.0828  usage=['0.00', '1.00', '0.00', '0.00', '0.00', '0.00']
  [resilient_mcl_K6] epoch  10/200  loss=0.0695  usage=['0.00', '1.00', '0.00', '0.00', '0.00', '0.00']
  [resilient_mcl_K6] epoch  15/200  loss=0.0649  usage=['0.00', '1.00', '0.00', '0.00', '0.00', '0.00']
  [resilient_mcl_K6] epoch  20/200  loss=0.0622  usage=['0.00', '1.00', '0.00', '0.00', '0.00', '0.00']
  [resilient_mcl_K6] epoch  25/200  loss=0.0600  usage=['0.00', '1.00', '0.00', '0.00', '0.00', '0.00']
  [resilient_mcl_K6] epoch  30/200  loss=0.0588  usage=['0.00', '1.00', '0.00', '0.00', '0.00', '0.00']
  [resilient_mcl_K6] epoch  35/200  loss=0.0584  usage=['0.00', '1.00', '0.00', '0.00', '0.00', '0.00']
  [resilient_mcl_K6] epoch  40/200  loss=0.0573  usage=['0.00', '1.00', '0.00', '0.00', '0.00', '0.00']
  [resilient_mcl_K6] epoch  45/200  loss=0.0562  usage=['0.00', '1.00', '0.00', '0.00', '0.00', '0.00']
  [resilient_mcl_K6] epoch  50/200  loss=0.0562  usage=['0.00', '1.00', '0.00', '0.00', '0.00', '0.00']
  [resilient_mcl_K6] epoch  55/200  loss=0.0557  usage=['0.00', '1.00', '0.00', '0.00', '0.00', '0.00']
  [resilient_mcl_K6] epoch  60/200  loss=0.0555  usage=['0.00', '1.00', '0.00', '0.00', '0.00', '0.00']
  [resilient_mcl_K6] epoch  65/200  loss=0.0554  usage=['0.00', '1.00', '0.00', '0.00', '0.00', '0.00']
  [resilient_mcl_K6] epoch  70/200  loss=0.0549  usage=['0.00', '1.00', '0.00', '0.00', '0.00', '0.00']
  [resilient_mcl_K6] epoch  75/200  loss=0.0546  usage=['0.00', '1.00', '0.00', '0.00', '0.00', '0.00']
  [resilient_mcl_K6] epoch  80/200  loss=0.0546  usage=['0.00', '1.00', '0.00', '0.00', '0.00', '0.00']
  [resilient_mcl_K6] epoch  85/200  loss=0.0539  usage=['0.00', '1.00', '0.00', '0.00', '0.00', '0.00']
  [resilient_mcl_K6] epoch  90/200  loss=0.0537  usage=['0.00', '1.00', '0.00', '0.00', '0.00', '0.00']
  [resilient_mcl_K6] epoch  95/200  loss=0.0535  usage=['0.00', '1.00', '0.00', '0.00', '0.00', '0.00']
  [resilient_mcl_K6] epoch 100/200  loss=0.0540  usage=['0.00', '1.00', '0.00', '0.00', '0.00', '0.00']
  [resilient_mcl_K6] epoch 105/200  loss=0.0529  usage=['0.00', '1.00', '0.00', '0.00', '0.00', '0.00']
  [resilient_mcl_K6] epoch 110/200  loss=0.0531  usage=['0.00', '1.00', '0.00', '0.00', '0.00', '0.00']
  [resilient_mcl_K6] epoch 115/200  loss=0.0529  usage=['0.00', '1.00', '0.00', '0.00', '0.00', '0.00']
  [resilient_mcl_K6] epoch 120/200  loss=0.0526  usage=['0.00', '1.00', '0.00', '0.00', '0.00', '0.00']
  [resilient_mcl_K6] epoch 125/200  loss=0.0529  usage=['0.00', '1.00', '0.00', '0.00', '0.00', '0.00']
  [resilient_mcl_K6] epoch 130/200  loss=0.0524  usage=['0.00', '1.00', '0.00', '0.00', '0.00', '0.00']
  [resilient_mcl_K6] epoch 135/200  loss=0.0524  usage=['0.00', '1.00', '0.00', '0.00', '0.00', '0.00']
  [resilient_mcl_K6] epoch 140/200  loss=0.0525  usage=['0.00', '1.00', '0.00', '0.00', '0.00', '0.00']
  [resilient_mcl_K6] epoch 145/200  loss=0.0521  usage=['0.00', '1.00', '0.00', '0.00', '0.00', '0.00']
  [resilient_mcl_K6] epoch 150/200  loss=0.0520  usage=['0.00', '1.00', '0.00', '0.00', '0.00', '0.00']
  [resilient_mcl_K6] epoch 155/200  loss=0.0526  usage=['0.00', '1.00', '0.00', '0.00', '0.00', '0.00']
  [resilient_mcl_K6] epoch 160/200  loss=0.0521  usage=['0.00', '1.00', '0.00', '0.00', '0.00', '0.00']
  [resilient_mcl_K6] epoch 165/200  loss=0.0522  usage=['0.00', '1.00', '0.00', '0.00', '0.00', '0.00']
  [resilient_mcl_K6] epoch 170/200  loss=0.0521  usage=['0.00', '1.00', '0.00', '0.00', '0.00', '0.00']
  [resilient_mcl_K6] epoch 175/200  loss=0.0516  usage=['0.00', '1.00', '0.00', '0.00', '0.00', '0.00']
  [resilient_mcl_K6] epoch 180/200  loss=0.0514  usage=['0.00', '1.00', '0.00', '0.00', '0.00', '0.00']
  [resilient_mcl_K6] epoch 185/200  loss=0.0514  usage=['0.00', '1.00', '0.00', '0.00', '0.00', '0.00']
  [resilient_mcl_K6] epoch 190/200  loss=0.0513  usage=['0.00', '1.00', '0.00', '0.00', '0.00', '0.00']
  [resilient_mcl_K6] epoch 195/200  loss=0.0512  usage=['0.00', '1.00', '0.00', '0.00', '0.00', '0.00']
  [resilient_mcl_K6] epoch 200/200  loss=0.0514  usage=['0.00', '1.00', '0.00', '0.00', '0.00', '0.00']
  [resilient_mcl_K6] MCL done in 62.9 min

============================================================
  [resilient_mcl_K6] 3/7  Gating network (25 epochs)
============================================================
  [resilient_mcl_K6] Collecting winner labels ...
  [resilient_mcl_K6] epoch   5/25  acc=1.000
  [resilient_mcl_K6] epoch  10/25  acc=1.000
  [resilient_mcl_K6] epoch  15/25  acc=1.000
  [resilient_mcl_K6] epoch  20/25  acc=1.000
  [resilient_mcl_K6] epoch  25/25  acc=1.000
  [resilient_mcl_K6] Gating done in 0.2 min

============================================================
  [resilient_mcl_K6] 4/7  Generating samples (N=2048)
============================================================
  [resilient_mcl_K6] baseline (euler) ...
  [resilient_mcl_K6] baseline (heun) ...
  [resilient_mcl_K6] mcl single_expert ...
  [resilient_mcl_K6] mcl random_expert ...
  [resilient_mcl_K6] mcl best_expert ...
  [resilient_mcl_K6] mcl mixture_score ...
  [resilient_mcl_K6] mcl gated ...
  [resilient_mcl_K6] expert 0 grid ...
  [resilient_mcl_K6] expert 1 grid ...
  [resilient_mcl_K6] expert 2 grid ...
  [resilient_mcl_K6] expert 3 grid ...
  [resilient_mcl_K6] expert 4 grid ...
  [resilient_mcl_K6] expert 5 grid ...
  [resilient_mcl_K6] Sampling done in 4.9 min

============================================================
  [resilient_mcl_K6] 5/7  Evaluation (FID, Precision, Recall)
============================================================
  [resilient_mcl_K6] baseline_euler        FID=  113.62  P=0.4316  R=0.8325
  [resilient_mcl_K6] baseline_heun         FID=  111.44  P=0.4341  R=0.8325
  [resilient_mcl_K6] single_expert         FID= 3206.19  P=0.0000  R=0.0000
  [resilient_mcl_K6] random_expert         FID= 2708.67  P=0.0000  R=0.0000
  [resilient_mcl_K6] best_expert           FID= 2328.30  P=0.0000  R=0.0000
  [resilient_mcl_K6] mixture_score         FID= 2690.63  P=0.0000  R=0.0000
  [resilient_mcl_K6] gated                 FID=  108.94  P=0.4819  R=0.8652
  [resilient_mcl_K6] Evaluation done in 0.0 min

============================================================
  [resilient_mcl_K6] 6/7  Analysis & visualisation
============================================================
  [resilient_mcl_K6] expert vs digit ...
  [resilient_mcl_K6] expert vs sigma ...
  [resilient_mcl_K6] multi-expert grid ...
  [resilient_mcl_K6] trajectory ...
  [resilient_mcl_K6] strategy comparison ...
  [resilient_mcl_K6] Analysis done in 0.5 min

============================================================
  [resilient_mcl_K6] 7/7  Summary figures
============================================================

============================================================
  [resilient_mcl_K6] PIPELINE COMPLETE
  Checkpoints:  checkpoints_resilient_mcl_K6/
  Outputs:      outputs_resilient_mcl_K6/
  Analysis:     outputs_resilient_mcl_K6/analysis/
============================================================
