=== K=6, variant=annealed_wta, batch=512 ===
Node: juliet3.cluster.local   GPU: NVIDIA A100-SXM4-80GB
[annealed_wta_K6] Device: cuda
[annealed_wta_K6] GPU: NVIDIA A100-SXM4-80GB

[annealed_wta_K6] Reusing baseline from checkpoints/baseline_final.pt

============================================================
  [annealed_wta_K6] 2/7  MCL training K=6 (200 epochs, annealed_wta)
============================================================
  total params: 5,406,726  (901,121 per expert)
  [annealed_wta_K6] epoch   5/200  loss=0.0549  usage=['0.27', '0.25', '0.11', '0.09', '0.28', '0.00']  τ=8.704
  [annealed_wta_K6] epoch  10/200  loss=0.0515  usage=['0.23', '0.22', '0.13', '0.14', '0.27', '0.00']  τ=7.317
  [annealed_wta_K6] epoch  15/200  loss=0.0516  usage=['0.22', '0.19', '0.16', '0.17', '0.27', '0.00']  τ=6.151
  [annealed_wta_K6] epoch  20/200  loss=0.0519  usage=['0.22', '0.17', '0.18', '0.18', '0.25', '0.00']  τ=5.171
  [annealed_wta_K6] epoch  25/200  loss=0.0521  usage=['0.21', '0.15', '0.20', '0.19', '0.24', '0.00']  τ=4.347
  [annealed_wta_K6] epoch  30/200  loss=0.0521  usage=['0.22', '0.14', '0.20', '0.20', '0.24', '0.00']  τ=3.654
  [annealed_wta_K6] epoch  35/200  loss=0.0513  usage=['0.20', '0.14', '0.22', '0.21', '0.23', '0.00']  τ=3.072
  [annealed_wta_K6] epoch  40/200  loss=0.0506  usage=['0.20', '0.13', '0.23', '0.21', '0.22', '0.00']  τ=2.583
  [annealed_wta_K6] epoch  45/200  loss=0.0499  usage=['0.20', '0.14', '0.24', '0.22', '0.21', '0.00']  τ=2.171
  [annealed_wta_K6] epoch  50/200  loss=0.0490  usage=['0.20', '0.14', '0.24', '0.20', '0.22', '0.00']  τ=1.825
  [annealed_wta_K6] epoch  55/200  loss=0.0486  usage=['0.20', '0.14', '0.25', '0.20', '0.21', '0.00']  τ=1.534
  [annealed_wta_K6] epoch  60/200  loss=0.0481  usage=['0.20', '0.14', '0.26', '0.20', '0.19', '0.00']  τ=1.290
  [annealed_wta_K6] epoch  65/200  loss=0.0478  usage=['0.18', '0.15', '0.27', '0.20', '0.19', '0.00']  τ=1.084
  [annealed_wta_K6] epoch  70/200  loss=0.0476  usage=['0.19', '0.15', '0.27', '0.21', '0.18', '0.00']  τ=0.912
  [annealed_wta_K6] epoch  75/200  loss=0.0472  usage=['0.20', '0.14', '0.28', '0.20', '0.18', '0.00']  τ=0.766
  [annealed_wta_K6] epoch  80/200  loss=0.0471  usage=['0.21', '0.14', '0.29', '0.19', '0.17', '0.00']  τ=0.644
  [annealed_wta_K6] epoch  85/200  loss=0.0471  usage=['0.21', '0.15', '0.29', '0.19', '0.17', '0.00']  τ=0.542
  [annealed_wta_K6] epoch  90/200  loss=0.0471  usage=['0.23', '0.13', '0.28', '0.20', '0.16', '0.00']  τ=0.455
  [annealed_wta_K6] epoch  95/200  loss=0.0472  usage=['0.23', '0.14', '0.29', '0.19', '0.16', '0.00']  τ=0.383
  [annealed_wta_K6] epoch 100/200  loss=0.0472  usage=['0.24', '0.13', '0.28', '0.20', '0.16', '0.00']  τ=0.322
  [annealed_wta_K6] epoch 105/200  loss=0.0471  usage=['0.24', '0.13', '0.26', '0.21', '0.16', '0.00']  τ=0.270
  [annealed_wta_K6] epoch 110/200  loss=0.0472  usage=['0.25', '0.12', '0.26', '0.22', '0.15', '0.00']  τ=0.227
  [annealed_wta_K6] epoch 115/200  loss=0.0464  usage=['0.26', '0.12', '0.17', '0.25', '0.19', '0.00']  τ=0.191
  [annealed_wta_K6] epoch 120/200  loss=0.0468  usage=['0.25', '0.12', '0.24', '0.23', '0.16', '0.00']  τ=0.161
  [annealed_wta_K6] epoch 125/200  loss=0.0473  usage=['0.23', '0.12', '0.27', '0.22', '0.15', '0.00']  τ=0.135
  [annealed_wta_K6] epoch 130/200  loss=0.0471  usage=['0.25', '0.12', '0.26', '0.22', '0.16', '0.00']  τ=0.114
  [annealed_wta_K6] epoch 135/200  loss=0.0470  usage=['0.25', '0.12', '0.27', '0.22', '0.15', '0.00']  τ=0.095
  [annealed_wta_K6] epoch 140/200  loss=0.0470  usage=['0.25', '0.11', '0.25', '0.23', '0.16', '0.00']  τ=0.080
  [annealed_wta_K6] epoch 145/200  loss=0.0469  usage=['0.26', '0.11', '0.25', '0.23', '0.16', '0.00']  τ=0.067
  [annealed_wta_K6] epoch 150/200  loss=0.0469  usage=['0.26', '0.11', '0.24', '0.23', '0.17', '0.00']  τ=0.057
  [annealed_wta_K6] epoch 155/200  loss=0.0476  usage=['0.24', '0.11', '0.30', '0.20', '0.15', '0.00']  τ=0.048
  [annealed_wta_K6] epoch 160/200  loss=0.0472  usage=['0.25', '0.10', '0.27', '0.22', '0.16', '0.00']  τ=0.040
  [annealed_wta_K6] epoch 165/200  loss=0.0474  usage=['0.24', '0.11', '0.27', '0.20', '0.18', '0.00']  τ=0.034
  [annealed_wta_K6] epoch 170/200  loss=0.0472  usage=['0.25', '0.11', '0.27', '0.20', '0.17', '0.00']  τ=0.028
  [annealed_wta_K6] epoch 175/200  loss=0.0474  usage=['0.25', '0.11', '0.27', '0.21', '0.16', '0.00']  τ=0.024
  [annealed_wta_K6] epoch 180/200  loss=0.0476  usage=['0.25', '0.10', '0.28', '0.20', '0.17', '0.00']  τ=0.020
  [annealed_wta_K6] epoch 185/200  loss=0.0472  usage=['0.26', '0.10', '0.26', '0.22', '0.16', '0.00']  τ=0.017
  [annealed_wta_K6] epoch 190/200  loss=0.0465  usage=['0.27', '0.10', '0.23', '0.23', '0.17', '0.00']  τ=0.014
  [annealed_wta_K6] epoch 195/200  loss=0.0473  usage=['0.26', '0.10', '0.27', '0.21', '0.16', '0.00']  τ=0.012
  [annealed_wta_K6] epoch 200/200  loss=0.0471  usage=['0.26', '0.10', '0.29', '0.21', '0.15', '0.00']  τ=0.010
  [annealed_wta_K6] MCL done in 134.7 min

============================================================
  [annealed_wta_K6] 3/7  Gating network (25 epochs)
============================================================
  [annealed_wta_K6] Collecting winner labels ...
  [annealed_wta_K6] epoch   5/25  acc=0.541
  [annealed_wta_K6] epoch  10/25  acc=0.541
  [annealed_wta_K6] epoch  15/25  acc=0.547
  [annealed_wta_K6] epoch  20/25  acc=0.546
  [annealed_wta_K6] epoch  25/25  acc=0.553
  [annealed_wta_K6] Gating done in 0.2 min

============================================================
  [annealed_wta_K6] 4/7  Generating samples (N=2048)
============================================================
  [annealed_wta_K6] baseline (euler) ...
  [annealed_wta_K6] baseline (heun) ...
  [annealed_wta_K6] mcl single_expert ...
  [annealed_wta_K6] mcl random_expert ...
  [annealed_wta_K6] mcl best_expert ...
  [annealed_wta_K6] mcl mixture_score ...
  [annealed_wta_K6] mcl gated ...
  [annealed_wta_K6] expert 0 grid ...
  [annealed_wta_K6] expert 1 grid ...
  [annealed_wta_K6] expert 2 grid ...
  [annealed_wta_K6] expert 3 grid ...
  [annealed_wta_K6] expert 4 grid ...
  [annealed_wta_K6] expert 5 grid ...
  [annealed_wta_K6] Sampling done in 4.9 min

============================================================
  [annealed_wta_K6] 5/7  Evaluation (FID, Precision, Recall)
============================================================
  [annealed_wta_K6] baseline_euler        FID=  113.62  P=0.4316  R=0.8325
  [annealed_wta_K6] baseline_heun         FID=  111.44  P=0.4341  R=0.8325
  [annealed_wta_K6] single_expert         FID=  627.42  P=0.2886  R=0.2808
  [annealed_wta_K6] random_expert         FID= 2003.55  P=0.0000  R=0.0000
  [annealed_wta_K6] best_expert           FID= 2493.87  P=0.0000  R=0.0000
  [annealed_wta_K6] mixture_score         FID= 1955.53  P=0.0000  R=0.0000
  [annealed_wta_K6] gated                 FID=   52.41  P=0.5947  R=0.8760
  [annealed_wta_K6] Evaluation done in 0.1 min

============================================================
  [annealed_wta_K6] 6/7  Analysis & visualisation
============================================================
  [annealed_wta_K6] expert vs digit ...
  [annealed_wta_K6] expert vs sigma ...
  [annealed_wta_K6] multi-expert grid ...
  [annealed_wta_K6] trajectory ...
  [annealed_wta_K6] strategy comparison ...
  [annealed_wta_K6] Analysis done in 0.5 min

============================================================
  [annealed_wta_K6] 7/7  Summary figures
============================================================

============================================================
  [annealed_wta_K6] PIPELINE COMPLETE
  Checkpoints:  checkpoints_annealed_wta_K6/
  Outputs:      outputs_annealed_wta_K6/
  Analysis:     outputs_annealed_wta_K6/analysis/
============================================================
