NVIDIA A100-SXM4-80GB, 81920 MiB
Device: cuda
GPU: NVIDIA A100-SXM4-80GB
VRAM: 85.1 GB

============================================================
  1/7  Baseline training (200 epochs)
============================================================
  params: 901,121
  epoch   5/200  loss=0.0865
  epoch  10/200  loss=0.0722
  epoch  15/200  loss=0.0664
  epoch  20/200  loss=0.0631
  epoch  25/200  loss=0.0611
  epoch  30/200  loss=0.0595
  epoch  35/200  loss=0.0584
  epoch  40/200  loss=0.0575
  epoch  45/200  loss=0.0568
  epoch  50/200  loss=0.0563
  epoch  55/200  loss=0.0557
  epoch  60/200  loss=0.0552
  epoch  65/200  loss=0.0547
  epoch  70/200  loss=0.0544
  epoch  75/200  loss=0.0541
  epoch  80/200  loss=0.0537
  epoch  85/200  loss=0.0535
  epoch  90/200  loss=0.0532
  epoch  95/200  loss=0.0529
  epoch 100/200  loss=0.0527
  epoch 105/200  loss=0.0525
  epoch 110/200  loss=0.0522
  epoch 115/200  loss=0.0521
  epoch 120/200  loss=0.0519
  epoch 125/200  loss=0.0517
  epoch 130/200  loss=0.0515
  epoch 135/200  loss=0.0513
  epoch 140/200  loss=0.0511
  epoch 145/200  loss=0.0511
  epoch 150/200  loss=0.0509
  epoch 155/200  loss=0.0508
  epoch 160/200  loss=0.0507
  epoch 165/200  loss=0.0506
  epoch 170/200  loss=0.0504
  epoch 175/200  loss=0.0503
  epoch 180/200  loss=0.0502
  epoch 185/200  loss=0.0502
  epoch 190/200  loss=0.0500
  epoch 195/200  loss=0.0501
  epoch 200/200  loss=0.0499
  Baseline done in 20.8 min

============================================================
  2/7  MCL training K=4 (200 epochs, annealed_wta)
============================================================
  total params: 3,604,484  (901,121 per expert)
  epoch   5/200  loss=0.0957  usage=['0.42', '0.36', '0.13', '0.08']  τ=8.704
  epoch  10/200  loss=0.0917  usage=['0.44', '0.32', '0.04', '0.19']  τ=7.317
  epoch  15/200  loss=0.0832  usage=['0.43', '0.31', '0.01', '0.25']  τ=6.151
  epoch  20/200  loss=0.0742  usage=['0.41', '0.30', '0.01', '0.28']  τ=5.171
  epoch  25/200  loss=0.0705  usage=['0.41', '0.27', '0.02', '0.29']  τ=4.347
  epoch  30/200  loss=0.0681  usage=['0.41', '0.26', '0.04', '0.29']  τ=3.654
  epoch  35/200  loss=0.0670  usage=['0.40', '0.25', '0.06', '0.29']  τ=3.072
  epoch  40/200  loss=0.0655  usage=['0.40', '0.25', '0.06', '0.29']  τ=2.583
  epoch  45/200  loss=0.0649  usage=['0.40', '0.25', '0.06', '0.28']  τ=2.171
  epoch  50/200  loss=0.0647  usage=['0.39', '0.26', '0.07', '0.29']  τ=1.825
  epoch  55/200  loss=0.0646  usage=['0.37', '0.25', '0.07', '0.31']  τ=1.534
  epoch  60/200  loss=0.0642  usage=['0.37', '0.26', '0.07', '0.30']  τ=1.290
  epoch  65/200  loss=0.0643  usage=['0.38', '0.25', '0.07', '0.30']  τ=1.084
  epoch  70/200  loss=0.0642  usage=['0.36', '0.25', '0.07', '0.32']  τ=0.912
  epoch  75/200  loss=0.0639  usage=['0.36', '0.27', '0.07', '0.30']  τ=0.766
  epoch  80/200  loss=0.0641  usage=['0.36', '0.25', '0.07', '0.31']  τ=0.644
  epoch  85/200  loss=0.0637  usage=['0.38', '0.25', '0.07', '0.30']  τ=0.542
  epoch  90/200  loss=0.0638  usage=['0.38', '0.24', '0.07', '0.31']  τ=0.455
  epoch  95/200  loss=0.0642  usage=['0.37', '0.25', '0.07', '0.31']  τ=0.383
  epoch 100/200  loss=0.0640  usage=['0.37', '0.25', '0.07', '0.30']  τ=0.322
  epoch 105/200  loss=0.0641  usage=['0.37', '0.24', '0.07', '0.31']  τ=0.270
  epoch 110/200  loss=0.0637  usage=['0.35', '0.25', '0.08', '0.32']  τ=0.227
  epoch 115/200  loss=0.0636  usage=['0.38', '0.24', '0.08', '0.30']  τ=0.191
  epoch 120/200  loss=0.0628  usage=['0.40', '0.24', '0.09', '0.27']  τ=0.161
  epoch 125/200  loss=0.0626  usage=['0.33', '0.24', '0.10', '0.33']  τ=0.135
  epoch 130/200  loss=0.0625  usage=['0.35', '0.23', '0.11', '0.31']  τ=0.114
  epoch 135/200  loss=0.0618  usage=['0.34', '0.22', '0.12', '0.32']  τ=0.095
  epoch 140/200  loss=0.0616  usage=['0.34', '0.23', '0.12', '0.32']  τ=0.080
  epoch 145/200  loss=0.0613  usage=['0.35', '0.22', '0.13', '0.30']  τ=0.067
  epoch 150/200  loss=0.0624  usage=['0.34', '0.21', '0.13', '0.32']  τ=0.057
  epoch 155/200  loss=0.0613  usage=['0.33', '0.21', '0.13', '0.33']  τ=0.048
  epoch 160/200  loss=0.0619  usage=['0.32', '0.20', '0.14', '0.34']  τ=0.040
  epoch 165/200  loss=0.0605  usage=['0.37', '0.21', '0.14', '0.28']  τ=0.034
  epoch 170/200  loss=0.0609  usage=['0.32', '0.20', '0.15', '0.33']  τ=0.028
  epoch 175/200  loss=0.0608  usage=['0.36', '0.19', '0.15', '0.29']  τ=0.024
  epoch 180/200  loss=0.0603  usage=['0.35', '0.19', '0.16', '0.30']  τ=0.020
  epoch 185/200  loss=0.0601  usage=['0.32', '0.20', '0.16', '0.32']  τ=0.017
  epoch 190/200  loss=0.0596  usage=['0.32', '0.19', '0.16', '0.32']  τ=0.014
  epoch 195/200  loss=0.0607  usage=['0.32', '0.18', '0.17', '0.33']  τ=0.012
  epoch 200/200  loss=0.0605  usage=['0.32', '0.17', '0.18', '0.33']  τ=0.010
  MCL (annealed_wta) done in 101.0 min

============================================================
  3/7  Gating network (25 epochs)
============================================================
  Collecting winner labels ...
  epoch   5/25  acc=0.561
  epoch  10/25  acc=0.565
  epoch  15/25  acc=0.574
  epoch  20/25  acc=0.583
  epoch  25/25  acc=0.596
  Gating done in 0.2 min

============================================================
  4/7  Generating samples (N=2048)
============================================================
  baseline (euler) ...
  baseline (heun) ...
  mcl single_expert ...
  mcl random_expert ...
  mcl best_expert ...
  mcl mixture_score ...
  mcl gated ...
  expert 0 grid ...
  expert 1 grid ...
  expert 2 grid ...
  expert 3 grid ...
  Sampling done in 3.6 min

============================================================
  5/7  Evaluation (FID, Precision, Recall)
============================================================
  baseline_euler        FID=  113.62  P=0.4316  R=0.8325
  baseline_heun         FID=  111.44  P=0.4341  R=0.8325
  single_expert         FID=  339.12  P=0.6270  R=0.9014
  random_expert         FID=   81.67  P=0.3735  R=0.8662
  best_expert           FID=  287.86  P=0.3804  R=0.8042
  mixture_score         FID=  113.40  P=0.3408  R=0.8140
  gated                 FID=   88.25  P=0.6440  R=0.8364
  Evaluation done in 0.1 min

============================================================
  6/7  Analysis & visualisation
============================================================
  expert vs digit ...
  expert vs sigma ...
  multi-expert grid ...
  trajectory ...
  strategy comparison ...
  Analysis done in 0.4 min

============================================================
  7/7  Summary figures
============================================================

============================================================
  PIPELINE COMPLETE
  Checkpoints:  checkpoints/
  Outputs:      outputs/
  Analysis:     outputs/analysis/
============================================================
