=== K=3, variant=annealed_wta, batch=512 ===
Node: juliet3.cluster.local   GPU: NVIDIA A100-SXM4-80GB
[annealed_wta_K3] Device: cuda
[annealed_wta_K3] GPU: NVIDIA A100-SXM4-80GB

[annealed_wta_K3] Reusing baseline from checkpoints/baseline_final.pt

============================================================
  [annealed_wta_K3] 2/7  MCL training K=3 (200 epochs, annealed_wta)
============================================================
  total params: 2,703,363  (901,121 per expert)
  [annealed_wta_K3] epoch   5/200  loss=0.0966  usage=['0.39', '0.23', '0.37']  τ=8.704
  [annealed_wta_K3] epoch  10/200  loss=0.0809  usage=['0.37', '0.23', '0.40']  τ=7.317
  [annealed_wta_K3] epoch  15/200  loss=0.0777  usage=['0.37', '0.22', '0.41']  τ=6.151
  [annealed_wta_K3] epoch  20/200  loss=0.0769  usage=['0.38', '0.20', '0.42']  τ=5.171
  [annealed_wta_K3] epoch  25/200  loss=0.0742  usage=['0.37', '0.20', '0.43']  τ=4.347
  [annealed_wta_K3] epoch  30/200  loss=0.0732  usage=['0.39', '0.20', '0.42']  τ=3.654
  [annealed_wta_K3] epoch  35/200  loss=0.0715  usage=['0.40', '0.19', '0.41']  τ=3.072
  [annealed_wta_K3] epoch  40/200  loss=0.0705  usage=['0.41', '0.19', '0.39']  τ=2.583
  [annealed_wta_K3] epoch  45/200  loss=0.0701  usage=['0.39', '0.19', '0.42']  τ=2.171
  [annealed_wta_K3] epoch  50/200  loss=0.0691  usage=['0.38', '0.19', '0.43']  τ=1.825
  [annealed_wta_K3] epoch  55/200  loss=0.0684  usage=['0.37', '0.19', '0.43']  τ=1.534
  [annealed_wta_K3] epoch  60/200  loss=0.0676  usage=['0.38', '0.20', '0.42']  τ=1.290
  [annealed_wta_K3] epoch  65/200  loss=0.0671  usage=['0.37', '0.20', '0.44']  τ=1.084
  [annealed_wta_K3] epoch  70/200  loss=0.0668  usage=['0.37', '0.19', '0.44']  τ=0.912
  [annealed_wta_K3] epoch  75/200  loss=0.0662  usage=['0.37', '0.20', '0.43']  τ=0.766
  [annealed_wta_K3] epoch  80/200  loss=0.0660  usage=['0.37', '0.20', '0.44']  τ=0.644
  [annealed_wta_K3] epoch  85/200  loss=0.0656  usage=['0.36', '0.20', '0.44']  τ=0.542
  [annealed_wta_K3] epoch  90/200  loss=0.0656  usage=['0.37', '0.19', '0.44']  τ=0.455
  [annealed_wta_K3] epoch  95/200  loss=0.0661  usage=['0.36', '0.20', '0.45']  τ=0.383
  [annealed_wta_K3] epoch 100/200  loss=0.0654  usage=['0.36', '0.19', '0.44']  τ=0.322
  [annealed_wta_K3] epoch 105/200  loss=0.0654  usage=['0.38', '0.20', '0.42']  τ=0.270
  [annealed_wta_K3] epoch 110/200  loss=0.0656  usage=['0.36', '0.19', '0.44']  τ=0.227
  [annealed_wta_K3] epoch 115/200  loss=0.0653  usage=['0.36', '0.19', '0.44']  τ=0.191
  [annealed_wta_K3] epoch 120/200  loss=0.0660  usage=['0.35', '0.19', '0.46']  τ=0.161
  [annealed_wta_K3] epoch 125/200  loss=0.0651  usage=['0.38', '0.19', '0.44']  τ=0.135
  [annealed_wta_K3] epoch 130/200  loss=0.0656  usage=['0.37', '0.19', '0.44']  τ=0.114
  [annealed_wta_K3] epoch 135/200  loss=0.0658  usage=['0.36', '0.19', '0.45']  τ=0.095
  [annealed_wta_K3] epoch 140/200  loss=0.0660  usage=['0.37', '0.18', '0.45']  τ=0.080
  [annealed_wta_K3] epoch 145/200  loss=0.0665  usage=['0.37', '0.18', '0.45']  τ=0.067
  [annealed_wta_K3] epoch 150/200  loss=0.0658  usage=['0.37', '0.18', '0.45']  τ=0.057
  [annealed_wta_K3] epoch 155/200  loss=0.0662  usage=['0.36', '0.18', '0.46']  τ=0.048
  [annealed_wta_K3] epoch 160/200  loss=0.0660  usage=['0.37', '0.18', '0.45']  τ=0.040
  [annealed_wta_K3] epoch 165/200  loss=0.0662  usage=['0.36', '0.18', '0.46']  τ=0.034
  [annealed_wta_K3] epoch 170/200  loss=0.0657  usage=['0.37', '0.18', '0.45']  τ=0.028
  [annealed_wta_K3] epoch 175/200  loss=0.0666  usage=['0.37', '0.17', '0.46']  τ=0.024
  [annealed_wta_K3] epoch 180/200  loss=0.0660  usage=['0.37', '0.17', '0.46']  τ=0.020
  [annealed_wta_K3] epoch 185/200  loss=0.0657  usage=['0.37', '0.18', '0.45']  τ=0.017
  [annealed_wta_K3] epoch 190/200  loss=0.0667  usage=['0.36', '0.17', '0.46']  τ=0.014
  [annealed_wta_K3] epoch 195/200  loss=0.0660  usage=['0.36', '0.17', '0.47']  τ=0.012
  [annealed_wta_K3] epoch 200/200  loss=0.0661  usage=['0.36', '0.17', '0.46']  τ=0.010
  [annealed_wta_K3] MCL done in 76.2 min

============================================================
  [annealed_wta_K3] 3/7  Gating network (25 epochs)
============================================================
  [annealed_wta_K3] Collecting winner labels ...
  [annealed_wta_K3] epoch   5/25  acc=0.731
  [annealed_wta_K3] epoch  10/25  acc=0.732
  [annealed_wta_K3] epoch  15/25  acc=0.735
  [annealed_wta_K3] epoch  20/25  acc=0.734
  [annealed_wta_K3] epoch  25/25  acc=0.735
  [annealed_wta_K3] Gating done in 0.2 min

============================================================
  [annealed_wta_K3] 4/7  Generating samples (N=2048)
============================================================
  [annealed_wta_K3] baseline (euler) ...
  [annealed_wta_K3] baseline (heun) ...
  [annealed_wta_K3] mcl single_expert ...
  [annealed_wta_K3] mcl random_expert ...
  [annealed_wta_K3] mcl best_expert ...
  [annealed_wta_K3] mcl mixture_score ...
  [annealed_wta_K3] mcl gated ...
  [annealed_wta_K3] expert 0 grid ...
  [annealed_wta_K3] expert 1 grid ...
  [annealed_wta_K3] expert 2 grid ...
  [annealed_wta_K3] Sampling done in 3.0 min

============================================================
  [annealed_wta_K3] 5/7  Evaluation (FID, Precision, Recall)
============================================================
  [annealed_wta_K3] baseline_euler        FID=  113.62  P=0.4316  R=0.8325
  [annealed_wta_K3] baseline_heun         FID=  111.44  P=0.4341  R=0.8325
  [annealed_wta_K3] single_expert         FID=  530.38  P=0.6270  R=0.7139
  [annealed_wta_K3] random_expert         FID=  316.29  P=0.1387  R=0.5684
  [annealed_wta_K3] best_expert           FID=   32.05  P=0.5542  R=0.8501
  [annealed_wta_K3] mixture_score         FID=  211.61  P=0.2358  R=0.6909
  [annealed_wta_K3] gated                 FID=  103.13  P=0.6528  R=0.8276
  [annealed_wta_K3] Evaluation done in 0.1 min

============================================================
  [annealed_wta_K3] 6/7  Analysis & visualisation
============================================================
  [annealed_wta_K3] expert vs digit ...
  [annealed_wta_K3] expert vs sigma ...
  [annealed_wta_K3] multi-expert grid ...
  [annealed_wta_K3] trajectory ...
  [annealed_wta_K3] strategy comparison ...
  [annealed_wta_K3] Analysis done in 0.3 min

============================================================
  [annealed_wta_K3] 7/7  Summary figures
============================================================

============================================================
  [annealed_wta_K3] PIPELINE COMPLETE
  Checkpoints:  checkpoints_annealed_wta_K3/
  Outputs:      outputs_annealed_wta_K3/
  Analysis:     outputs_annealed_wta_K3/analysis/
============================================================
