[resilient_mcl] Device: cuda
[resilient_mcl] GPU: NVIDIA A100-SXM4-80GB

============================================================
  [resilient_mcl] 1/7  Baseline training (200 epochs)
============================================================
  params: 901,121
  [resilient_mcl] epoch   5/200  loss=0.0865
  [resilient_mcl] epoch  10/200  loss=0.0722
  [resilient_mcl] epoch  15/200  loss=0.0664
  [resilient_mcl] epoch  20/200  loss=0.0631
  [resilient_mcl] epoch  25/200  loss=0.0611
  [resilient_mcl] epoch  30/200  loss=0.0595
  [resilient_mcl] epoch  35/200  loss=0.0584
  [resilient_mcl] epoch  40/200  loss=0.0575
  [resilient_mcl] epoch  45/200  loss=0.0568
  [resilient_mcl] epoch  50/200  loss=0.0563
  [resilient_mcl] epoch  55/200  loss=0.0557
  [resilient_mcl] epoch  60/200  loss=0.0552
  [resilient_mcl] epoch  65/200  loss=0.0547
  [resilient_mcl] epoch  70/200  loss=0.0544
  [resilient_mcl] epoch  75/200  loss=0.0541
  [resilient_mcl] epoch  80/200  loss=0.0537
  [resilient_mcl] epoch  85/200  loss=0.0535
  [resilient_mcl] epoch  90/200  loss=0.0532
  [resilient_mcl] epoch  95/200  loss=0.0529
  [resilient_mcl] epoch 100/200  loss=0.0527
  [resilient_mcl] epoch 105/200  loss=0.0525
  [resilient_mcl] epoch 110/200  loss=0.0522
  [resilient_mcl] epoch 115/200  loss=0.0521
  [resilient_mcl] epoch 120/200  loss=0.0519
  [resilient_mcl] epoch 125/200  loss=0.0517
  [resilient_mcl] epoch 130/200  loss=0.0515
  [resilient_mcl] epoch 135/200  loss=0.0513
  [resilient_mcl] epoch 140/200  loss=0.0511
  [resilient_mcl] epoch 145/200  loss=0.0511
  [resilient_mcl] epoch 150/200  loss=0.0509
  [resilient_mcl] epoch 155/200  loss=0.0508
  [resilient_mcl] epoch 160/200  loss=0.0507
  [resilient_mcl] epoch 165/200  loss=0.0506
  [resilient_mcl] epoch 170/200  loss=0.0504
  [resilient_mcl] epoch 175/200  loss=0.0503
  [resilient_mcl] epoch 180/200  loss=0.0502
  [resilient_mcl] epoch 185/200  loss=0.0502
  [resilient_mcl] epoch 190/200  loss=0.0500
  [resilient_mcl] epoch 195/200  loss=0.0501
  [resilient_mcl] epoch 200/200  loss=0.0499
  [resilient_mcl] Baseline done in 21.1 min

============================================================
  [resilient_mcl] 2/7  MCL training K=4 (200 epochs, resilient_mcl)
============================================================
  total params: 3,604,484  (901,121 per expert)
  [resilient_mcl] epoch   5/200  loss=0.0836  usage=['0.59', '0.41', '0.00', '0.00']
  [resilient_mcl] epoch  10/200  loss=0.0706  usage=['0.67', '0.33', '0.00', '0.00']
  [resilient_mcl] epoch  15/200  loss=0.0649  usage=['0.70', '0.30', '0.00', '0.00']
  [resilient_mcl] epoch  20/200  loss=0.0624  usage=['0.71', '0.29', '0.00', '0.00']
  [resilient_mcl] epoch  25/200  loss=0.0600  usage=['0.72', '0.28', '0.00', '0.00']
  [resilient_mcl] epoch  30/200  loss=0.0579  usage=['0.73', '0.27', '0.00', '0.00']
  [resilient_mcl] epoch  35/200  loss=0.0574  usage=['0.73', '0.27', '0.00', '0.00']
  [resilient_mcl] epoch  40/200  loss=0.0564  usage=['0.74', '0.26', '0.00', '0.00']
  [resilient_mcl] epoch  45/200  loss=0.0554  usage=['0.74', '0.26', '0.00', '0.00']
  [resilient_mcl] epoch  50/200  loss=0.0554  usage=['0.74', '0.26', '0.00', '0.00']
  [resilient_mcl] epoch  55/200  loss=0.0549  usage=['0.74', '0.26', '0.00', '0.00']
  [resilient_mcl] epoch  60/200  loss=0.0546  usage=['0.74', '0.26', '0.00', '0.00']
  [resilient_mcl] epoch  65/200  loss=0.0535  usage=['0.75', '0.25', '0.00', '0.00']
  [resilient_mcl] epoch  70/200  loss=0.0538  usage=['0.74', '0.26', '0.00', '0.00']
  [resilient_mcl] epoch  75/200  loss=0.0533  usage=['0.75', '0.25', '0.00', '0.00']
  [resilient_mcl] epoch  80/200  loss=0.0530  usage=['0.75', '0.25', '0.00', '0.00']
  [resilient_mcl] epoch  85/200  loss=0.0525  usage=['0.75', '0.25', '0.00', '0.00']
  [resilient_mcl] epoch  90/200  loss=0.0528  usage=['0.75', '0.25', '0.00', '0.00']
  [resilient_mcl] epoch  95/200  loss=0.0525  usage=['0.75', '0.25', '0.00', '0.00']
  [resilient_mcl] epoch 100/200  loss=0.0520  usage=['0.75', '0.25', '0.00', '0.00']
  [resilient_mcl] epoch 105/200  loss=0.0517  usage=['0.75', '0.25', '0.00', '0.00']
  [resilient_mcl] epoch 110/200  loss=0.0519  usage=['0.75', '0.25', '0.00', '0.00']
  [resilient_mcl] epoch 115/200  loss=0.0519  usage=['0.75', '0.25', '0.00', '0.00']
  [resilient_mcl] epoch 120/200  loss=0.0519  usage=['0.75', '0.25', '0.00', '0.00']
  [resilient_mcl] epoch 125/200  loss=0.0513  usage=['0.75', '0.25', '0.00', '0.00']
  [resilient_mcl] epoch 130/200  loss=0.0515  usage=['0.75', '0.25', '0.00', '0.00']
  [resilient_mcl] epoch 135/200  loss=0.0512  usage=['0.76', '0.24', '0.00', '0.00']
  [resilient_mcl] epoch 140/200  loss=0.0513  usage=['0.76', '0.24', '0.00', '0.00']
  [resilient_mcl] epoch 145/200  loss=0.0513  usage=['0.76', '0.24', '0.00', '0.00']
  [resilient_mcl] epoch 150/200  loss=0.0512  usage=['0.75', '0.25', '0.00', '0.00']
  [resilient_mcl] epoch 155/200  loss=0.0507  usage=['0.76', '0.24', '0.00', '0.00']
  [resilient_mcl] epoch 160/200  loss=0.0505  usage=['0.75', '0.25', '0.00', '0.00']
  [resilient_mcl] epoch 165/200  loss=0.0504  usage=['0.75', '0.25', '0.00', '0.00']
  [resilient_mcl] epoch 170/200  loss=0.0503  usage=['0.75', '0.25', '0.00', '0.00']
  [resilient_mcl] epoch 175/200  loss=0.0502  usage=['0.75', '0.25', '0.00', '0.00']
  [resilient_mcl] epoch 180/200  loss=0.0500  usage=['0.75', '0.25', '0.00', '0.00']
  [resilient_mcl] epoch 185/200  loss=0.0500  usage=['0.75', '0.25', '0.00', '0.00']
  [resilient_mcl] epoch 190/200  loss=0.0499  usage=['0.75', '0.25', '0.00', '0.00']
  [resilient_mcl] epoch 195/200  loss=0.0500  usage=['0.75', '0.25', '0.00', '0.00']
  [resilient_mcl] epoch 200/200  loss=0.0498  usage=['0.74', '0.26', '0.00', '0.00']
  [resilient_mcl] MCL done in 58.0 min

============================================================
  [resilient_mcl] 3/7  Gating network (25 epochs)
============================================================
  [resilient_mcl] Collecting winner labels ...
  [resilient_mcl] epoch   5/25  acc=0.974
  [resilient_mcl] epoch  10/25  acc=0.974
  [resilient_mcl] epoch  15/25  acc=0.975
  [resilient_mcl] epoch  20/25  acc=0.975
  [resilient_mcl] epoch  25/25  acc=0.976
  [resilient_mcl] Gating done in 0.2 min

============================================================
  [resilient_mcl] 4/7  Generating samples (N=2048)
============================================================
  [resilient_mcl] baseline (euler) ...
  [resilient_mcl] baseline (heun) ...
  [resilient_mcl] mcl single_expert ...
  [resilient_mcl] mcl random_expert ...
  [resilient_mcl] mcl best_expert ...
  [resilient_mcl] mcl mixture_score ...
  [resilient_mcl] mcl gated ...
  [resilient_mcl] expert 0 grid ...
  [resilient_mcl] expert 1 grid ...
  [resilient_mcl] expert 2 grid ...
  [resilient_mcl] expert 3 grid ...
  [resilient_mcl] Sampling done in 3.6 min

============================================================
  [resilient_mcl] 5/7  Evaluation (FID, Precision, Recall)
============================================================
  [resilient_mcl] baseline_euler        FID=  113.62  P=0.4316  R=0.8325
  [resilient_mcl] baseline_heun         FID=  111.44  P=0.4341  R=0.8325
  [resilient_mcl] single_expert         FID=   13.42  P=0.6353  R=0.8691
  [resilient_mcl] random_expert         FID= 2442.67  P=0.0000  R=0.0000
  [resilient_mcl] best_expert           FID= 2549.25  P=0.0000  R=0.0000
  [resilient_mcl] mixture_score         FID= 2445.87  P=0.0000  R=0.0000
  [resilient_mcl] gated                 FID=   13.49  P=0.6260  R=0.8696
  [resilient_mcl] Evaluation done in 0.1 min

============================================================
  [resilient_mcl] 6/7  Analysis & visualisation
============================================================
  [resilient_mcl] expert vs digit ...
  [resilient_mcl] expert vs sigma ...
  [resilient_mcl] multi-expert grid ...
  [resilient_mcl] trajectory ...
  [resilient_mcl] strategy comparison ...
  [resilient_mcl] Analysis done in 0.4 min

============================================================
  [resilient_mcl] 7/7  Summary figures
============================================================

============================================================
  [resilient_mcl] PIPELINE COMPLETE
  Checkpoints:  checkpoints_resilient_mcl/
  Outputs:      outputs_resilient_mcl/
  Analysis:     outputs_resilient_mcl/analysis/
============================================================
