"=== K=4, variant=annealed_wta, batch=256 ==="
[annealed_wta_B256] Device: cuda
[annealed_wta_B256] GPU: NVIDIA A100-SXM4-80GB

[annealed_wta_B256] Reusing baseline from checkpoints/baseline_final.pt

============================================================
  [annealed_wta_B256] 2/7  MCL training K=4 (200 epochs, annealed_wta)
============================================================
  total params: 3,604,484  (901,121 per expert)
  [annealed_wta_B256] epoch   5/200  loss=0.0607  usage=['0.37', '0.24', '0.00', '0.38']  τ=8.704
  [annealed_wta_B256] epoch  10/200  loss=0.0565  usage=['0.36', '0.22', '0.00', '0.42']  τ=7.317
  [annealed_wta_B256] epoch  15/200  loss=0.0547  usage=['0.37', '0.21', '0.00', '0.43']  τ=6.151
  [annealed_wta_B256] epoch  20/200  loss=0.0535  usage=['0.38', '0.20', '0.00', '0.43']  τ=5.171
  [annealed_wta_B256] epoch  25/200  loss=0.0528  usage=['0.38', '0.19', '0.00', '0.43']  τ=4.347
  [annealed_wta_B256] epoch  30/200  loss=0.0517  usage=['0.38', '0.19', '0.00', '0.43']  τ=3.654
  [annealed_wta_B256] epoch  35/200  loss=0.0509  usage=['0.38', '0.19', '0.00', '0.43']  τ=3.072
  [annealed_wta_B256] epoch  40/200  loss=0.0501  usage=['0.37', '0.19', '0.00', '0.43']  τ=2.583
  [annealed_wta_B256] epoch  45/200  loss=0.0497  usage=['0.36', '0.20', '0.00', '0.44']  τ=2.171
  [annealed_wta_B256] epoch  50/200  loss=0.0491  usage=['0.36', '0.20', '0.00', '0.44']  τ=1.825
  [annealed_wta_B256] epoch  55/200  loss=0.0488  usage=['0.35', '0.20', '0.00', '0.45']  τ=1.534
  [annealed_wta_B256] epoch  60/200  loss=0.0487  usage=['0.36', '0.20', '0.00', '0.44']  τ=1.290
  [annealed_wta_B256] epoch  65/200  loss=0.0488  usage=['0.35', '0.19', '0.00', '0.46']  τ=1.084
  [annealed_wta_B256] epoch  70/200  loss=0.0491  usage=['0.35', '0.19', '0.00', '0.46']  τ=0.912
  [annealed_wta_B256] epoch  75/200  loss=0.0488  usage=['0.37', '0.19', '0.00', '0.45']  τ=0.766
  [annealed_wta_B256] epoch  80/200  loss=0.0486  usage=['0.36', '0.19', '0.00', '0.45']  τ=0.644
  [annealed_wta_B256] epoch  85/200  loss=0.0489  usage=['0.37', '0.18', '0.00', '0.45']  τ=0.542
  [annealed_wta_B256] epoch  90/200  loss=0.0491  usage=['0.36', '0.18', '0.00', '0.46']  τ=0.455
  [annealed_wta_B256] epoch  95/200  loss=0.0489  usage=['0.36', '0.18', '0.00', '0.47']  τ=0.383
  [annealed_wta_B256] epoch 100/200  loss=0.0491  usage=['0.36', '0.18', '0.00', '0.46']  τ=0.322
  [annealed_wta_B256] epoch 105/200  loss=0.0487  usage=['0.38', '0.18', '0.00', '0.45']  τ=0.270
  [annealed_wta_B256] epoch 110/200  loss=0.0491  usage=['0.36', '0.18', '0.00', '0.46']  τ=0.227
  [annealed_wta_B256] epoch 115/200  loss=0.0490  usage=['0.36', '0.17', '0.00', '0.47']  τ=0.191
  [annealed_wta_B256] epoch 120/200  loss=0.0485  usage=['0.39', '0.17', '0.00', '0.44']  τ=0.161
  [annealed_wta_B256] epoch 125/200  loss=0.0490  usage=['0.37', '0.17', '0.00', '0.46']  τ=0.135
  [annealed_wta_B256] epoch 130/200  loss=0.0488  usage=['0.37', '0.17', '0.00', '0.47']  τ=0.114
  [annealed_wta_B256] epoch 135/200  loss=0.0492  usage=['0.35', '0.17', '0.00', '0.48']  τ=0.095
  [annealed_wta_B256] epoch 140/200  loss=0.0488  usage=['0.35', '0.17', '0.00', '0.48']  τ=0.080
  [annealed_wta_B256] epoch 145/200  loss=0.0484  usage=['0.37', '0.17', '0.00', '0.46']  τ=0.067
  [annealed_wta_B256] epoch 150/200  loss=0.0482  usage=['0.35', '0.18', '0.00', '0.47']  τ=0.057
  [annealed_wta_B256] epoch 155/200  loss=0.0484  usage=['0.34', '0.18', '0.00', '0.49']  τ=0.048
  [annealed_wta_B256] epoch 160/200  loss=0.0479  usage=['0.33', '0.18', '0.00', '0.48']  τ=0.040
  [annealed_wta_B256] epoch 165/200  loss=0.0480  usage=['0.32', '0.19', '0.00', '0.49']  τ=0.034
  [annealed_wta_B256] epoch 170/200  loss=0.0471  usage=['0.35', '0.19', '0.00', '0.46']  τ=0.028
  [annealed_wta_B256] epoch 175/200  loss=0.0472  usage=['0.31', '0.19', '0.00', '0.49']  τ=0.024
  [annealed_wta_B256] epoch 180/200  loss=0.0461  usage=['0.34', '0.20', '0.00', '0.47']  τ=0.020
  [annealed_wta_B256] epoch 185/200  loss=0.0463  usage=['0.33', '0.20', '0.00', '0.48']  τ=0.017
  [annealed_wta_B256] epoch 190/200  loss=0.0462  usage=['0.33', '0.20', '0.00', '0.47']  τ=0.014
  [annealed_wta_B256] epoch 195/200  loss=0.0456  usage=['0.32', '0.20', '0.00', '0.48']  τ=0.012
  [annealed_wta_B256] epoch 200/200  loss=0.0455  usage=['0.32', '0.21', '0.00', '0.47']  τ=0.010
  [annealed_wta_B256] MCL done in 94.6 min

============================================================
  [annealed_wta_B256] 3/7  Gating network (25 epochs)
============================================================
  [annealed_wta_B256] Collecting winner labels ...
  [annealed_wta_B256] epoch   5/25  acc=0.690
  [annealed_wta_B256] epoch  10/25  acc=0.691
  [annealed_wta_B256] epoch  15/25  acc=0.691
  [annealed_wta_B256] epoch  20/25  acc=0.691
  [annealed_wta_B256] epoch  25/25  acc=0.693
  [annealed_wta_B256] Gating done in 0.1 min

============================================================
  [annealed_wta_B256] 4/7  Generating samples (N=2048)
============================================================
  [annealed_wta_B256] baseline (euler) ...
  [annealed_wta_B256] baseline (heun) ...
  [annealed_wta_B256] mcl single_expert ...
  [annealed_wta_B256] mcl random_expert ...
  [annealed_wta_B256] mcl best_expert ...
  [annealed_wta_B256] mcl mixture_score ...
  [annealed_wta_B256] mcl gated ...
  [annealed_wta_B256] expert 0 grid ...
  [annealed_wta_B256] expert 1 grid ...
  [annealed_wta_B256] expert 2 grid ...
  [annealed_wta_B256] expert 3 grid ...
  [annealed_wta_B256] Sampling done in 3.6 min

============================================================
  [annealed_wta_B256] 5/7  Evaluation (FID, Precision, Recall)
============================================================
  [annealed_wta_B256] baseline_euler        FID=  113.62  P=0.4316  R=0.8325
  [annealed_wta_B256] baseline_heun         FID=  111.44  P=0.4341  R=0.8325
  [annealed_wta_B256] single_expert         FID=  504.92  P=0.7158  R=0.7173
  [annealed_wta_B256] random_expert         FID= 1376.98  P=0.0000  R=0.0815
  [annealed_wta_B256] best_expert           FID= 2549.46  P=0.0000  R=0.0000
  [annealed_wta_B256] mixture_score         FID= 1971.76  P=0.0000  R=0.0000
  [annealed_wta_B256] gated                 FID=  131.12  P=0.6616  R=0.8477
  [annealed_wta_B256] Evaluation done in 0.1 min

============================================================
  [annealed_wta_B256] 6/7  Analysis & visualisation
============================================================
  [annealed_wta_B256] expert vs digit ...
  [annealed_wta_B256] expert vs sigma ...
  [annealed_wta_B256] multi-expert grid ...
  [annealed_wta_B256] trajectory ...
  [annealed_wta_B256] strategy comparison ...
  [annealed_wta_B256] Analysis done in 0.3 min

============================================================
  [annealed_wta_B256] 7/7  Summary figures
============================================================

============================================================
  [annealed_wta_B256] PIPELINE COMPLETE
  Checkpoints:  checkpoints_annealed_wta_B256/
  Outputs:      outputs_annealed_wta_B256/
  Analysis:     outputs_annealed_wta_B256/analysis/
============================================================
